<?xml version="1.0" encoding="UTF-8"?>
<!-- Generated by org.testng.reporters.JUnitReportReporter -->
<testsuite skipped="0" hostname="STSPC93" name="com.crm.listeners.TestNGListenerDemo" tests="3" failures="0" timestamp="25 Sep 2018 12:29:30 GMT" time="0.017" errors="0">
  <testcase name="test2" time="0.001" classname="com.crm.listeners.TestNGListenerDemo"/>
  <testcase name="test3" time="0.003" classname="com.crm.listeners.TestNGListenerDemo"/>
  <testcase name="test1" time="0.013" classname="com.crm.listeners.TestNGListenerDemo"/>
</testsuite> <!-- com.crm.listeners.TestNGListenerDemo -->
