<?xml version="1.0" encoding="UTF-8"?>
<!-- Generated by org.testng.reporters.JUnitReportReporter -->
<testsuite skipped="0" hostname="STSPC93" name="com.crm.listners.TestNGListenerDemo" tests="3" failures="0" timestamp="25 Sep 2018 11:33:57 GMT" time="0.018" errors="0">
  <testcase name="test2" time="0.004" classname="com.crm.listners.TestNGListenerDemo"/>
  <testcase name="test1" time="0.012" classname="com.crm.listners.TestNGListenerDemo"/>
  <testcase name="test3" time="0.002" classname="com.crm.listners.TestNGListenerDemo"/>
</testsuite> <!-- com.crm.listners.TestNGListenerDemo -->
