<?xml version="1.0" encoding="UTF-8"?>
<!-- Generated by org.testng.reporters.JUnitReportReporter -->
<testsuite skipped="0" hostname="STSPC93" name="com.crm.listeners.TestNGListenerDemo2" tests="3" failures="0" timestamp="25 Sep 2018 12:29:30 GMT" time="0.004" errors="0">
  <testcase name="test5" time="0.001" classname="com.crm.listeners.TestNGListenerDemo2"/>
  <testcase name="test6" time="0.001" classname="com.crm.listeners.TestNGListenerDemo2"/>
  <testcase name="test4" time="0.002" classname="com.crm.listeners.TestNGListenerDemo2"/>
</testsuite> <!-- com.crm.listeners.TestNGListenerDemo2 -->
